----------------------------------------------------------------
Fri Apr 03 15:45:07 CEST 2020:
Booting Derby version The Apache Software Foundation - Apache Derby - 10.14.2.0 - (1828579): instance a816c00e-0171-4049-c036-000001e3e7b8 
on database directory memory:D:\eclipse-workspace\demo\ce645a79-ac51-4ae3-9de2-4ca54bd69c30 with class loader jdk.internal.loader.ClassLoaders$AppClassLoader@4e0e2f2a 
Loaded from file:/C:/Users/Clover/.m2/repository/org/apache/derby/derby/10.14.2.0/derby-10.14.2.0.jar
java.vendor=Oracle Corporation
java.runtime.version=13.0.2+8
user.dir=D:\eclipse-workspace\demo
os.name=Windows 10
os.arch=amd64
os.version=10.0
derby.system.home=null
Database Class Loader started - derby.database.classpath=''
----------------------------------------------------------------
Fri Apr 03 15:45:09 CEST 2020:
Booting Derby version The Apache Software Foundation - Apache Derby - 10.14.2.0 - (1828579): instance ce8780ad-0171-4049-c036-000001e3e7b8 
on database directory D:\eclipse-workspace\demo\Reservation with class loader jdk.internal.loader.ClassLoaders$AppClassLoader@4e0e2f2a 
Loaded from file:/C:/Users/Clover/.m2/repository/org/apache/derby/derby/10.14.2.0/derby-10.14.2.0.jar
java.vendor=Oracle Corporation
java.runtime.version=13.0.2+8
user.dir=D:\eclipse-workspace\demo
os.name=Windows 10
os.arch=amd64
os.version=10.0
derby.system.home=null
Database Class Loader started - derby.database.classpath=''
